2022-06-08T23:17:49+00:00 CRITICAL Uncaught Google\Protobuf\Internal\GPBDecodeException: Error occurred during parsing: Fail to push limit. in /home/u223292802/domains/xn--diseoypatronesdns-ixb.com/public_html/wp-content/plugins/google-listings-and-ads/vendor/google/protobuf/src/Google/Protobuf/Internal/CodedInputStream.php:340
Stack trace:
#0 /home/u223292802/domains/xn--diseoypatronesdns-ixb.com/public_html/wp-content/plugins/google-listings-and-ads/vendor/google/protobuf/src/Google/Protobuf/Internal/CodedInputStream.php(363): Google\Protobuf\Internal\CodedInputStream->pushLimit(235)
#1 /home/u223292802/domains/xn--diseoypatronesdns-ixb.com/public_html/wp-content/plugins/google-listings-and-ads/vendor/google/protobuf/src/Google/Protobuf/Internal/GPBWire.php(286): Google\Protobuf\Internal\CodedInputStream->incrementRecursionDepthAndPushLimit(235, 0, 0)
#2 /home/u223292802/domains/xn--diseoypatronesdns-ixb.com/public_html/wp-content/plugins/google-listings-and-ads/vendor/google/protobuf/src/Google/Protobuf/Internal/Message.php(435): Google\Pro en /home/u223292802/domains/xn--diseoypatronesdns-ixb.com/public_html/wp-content/plugins/google-listings-and-ads/vendor/google/protobuf/src/Google/Protobuf/Internal/CodedInputStream.php en la línea 340

2022-06-08T23:54:04+00:00 CRITICAL Uncaught Google\Protobuf\Internal\GPBDecodeException: Error occurred during parsing: Fail to push limit. in /home/u223292802/domains/xn--diseoypatronesdns-ixb.com/public_html/wp-content/plugins/google-listings-and-ads/vendor/google/protobuf/src/Google/Protobuf/Internal/CodedInputStream.php:340
Stack trace:
#0 /home/u223292802/domains/xn--diseoypatronesdns-ixb.com/public_html/wp-content/plugins/google-listings-and-ads/vendor/google/protobuf/src/Google/Protobuf/Internal/CodedInputStream.php(363): Google\Protobuf\Internal\CodedInputStream->pushLimit(235)
#1 /home/u223292802/domains/xn--diseoypatronesdns-ixb.com/public_html/wp-content/plugins/google-listings-and-ads/vendor/google/protobuf/src/Google/Protobuf/Internal/GPBWire.php(286): Google\Protobuf\Internal\CodedInputStream->incrementRecursionDepthAndPushLimit(235, 0, 0)
#2 /home/u223292802/domains/xn--diseoypatronesdns-ixb.com/public_html/wp-content/plugins/google-listings-and-ads/vendor/google/protobuf/src/Google/Protobuf/Internal/Message.php(435): Google\Pro en /home/u223292802/domains/xn--diseoypatronesdns-ixb.com/public_html/wp-content/plugins/google-listings-and-ads/vendor/google/protobuf/src/Google/Protobuf/Internal/CodedInputStream.php en la línea 340

2022-06-08T23:56:04+00:00 CRITICAL Uncaught Google\Protobuf\Internal\GPBDecodeException: Error occurred during parsing: Fail to push limit. in /home/u223292802/domains/xn--diseoypatronesdns-ixb.com/public_html/wp-content/plugins/google-listings-and-ads/vendor/google/protobuf/src/Google/Protobuf/Internal/CodedInputStream.php:340
Stack trace:
#0 /home/u223292802/domains/xn--diseoypatronesdns-ixb.com/public_html/wp-content/plugins/google-listings-and-ads/vendor/google/protobuf/src/Google/Protobuf/Internal/CodedInputStream.php(363): Google\Protobuf\Internal\CodedInputStream->pushLimit(235)
#1 /home/u223292802/domains/xn--diseoypatronesdns-ixb.com/public_html/wp-content/plugins/google-listings-and-ads/vendor/google/protobuf/src/Google/Protobuf/Internal/GPBWire.php(286): Google\Protobuf\Internal\CodedInputStream->incrementRecursionDepthAndPushLimit(235, 0, 0)
#2 /home/u223292802/domains/xn--diseoypatronesdns-ixb.com/public_html/wp-content/plugins/google-listings-and-ads/vendor/google/protobuf/src/Google/Protobuf/Internal/Message.php(435): Google\Pro en /home/u223292802/domains/xn--diseoypatronesdns-ixb.com/public_html/wp-content/plugins/google-listings-and-ads/vendor/google/protobuf/src/Google/Protobuf/Internal/CodedInputStream.php en la línea 340

2022-06-08T23:57:08+00:00 CRITICAL Uncaught Google\Protobuf\Internal\GPBDecodeException: Error occurred during parsing: Fail to push limit. in /home/u223292802/domains/xn--diseoypatronesdns-ixb.com/public_html/wp-content/plugins/google-listings-and-ads/vendor/google/protobuf/src/Google/Protobuf/Internal/CodedInputStream.php:340
Stack trace:
#0 /home/u223292802/domains/xn--diseoypatronesdns-ixb.com/public_html/wp-content/plugins/google-listings-and-ads/vendor/google/protobuf/src/Google/Protobuf/Internal/CodedInputStream.php(363): Google\Protobuf\Internal\CodedInputStream->pushLimit(235)
#1 /home/u223292802/domains/xn--diseoypatronesdns-ixb.com/public_html/wp-content/plugins/google-listings-and-ads/vendor/google/protobuf/src/Google/Protobuf/Internal/GPBWire.php(286): Google\Protobuf\Internal\CodedInputStream->incrementRecursionDepthAndPushLimit(235, 0, 0)
#2 /home/u223292802/domains/xn--diseoypatronesdns-ixb.com/public_html/wp-content/plugins/google-listings-and-ads/vendor/google/protobuf/src/Google/Protobuf/Internal/Message.php(435): Google\Pro en /home/u223292802/domains/xn--diseoypatronesdns-ixb.com/public_html/wp-content/plugins/google-listings-and-ads/vendor/google/protobuf/src/Google/Protobuf/Internal/CodedInputStream.php en la línea 340

2022-06-08T23:57:26+00:00 CRITICAL Uncaught Google\Protobuf\Internal\GPBDecodeException: Error occurred during parsing: Fail to push limit. in /home/u223292802/domains/xn--diseoypatronesdns-ixb.com/public_html/wp-content/plugins/google-listings-and-ads/vendor/google/protobuf/src/Google/Protobuf/Internal/CodedInputStream.php:340
Stack trace:
#0 /home/u223292802/domains/xn--diseoypatronesdns-ixb.com/public_html/wp-content/plugins/google-listings-and-ads/vendor/google/protobuf/src/Google/Protobuf/Internal/CodedInputStream.php(363): Google\Protobuf\Internal\CodedInputStream->pushLimit(235)
#1 /home/u223292802/domains/xn--diseoypatronesdns-ixb.com/public_html/wp-content/plugins/google-listings-and-ads/vendor/google/protobuf/src/Google/Protobuf/Internal/GPBWire.php(286): Google\Protobuf\Internal\CodedInputStream->incrementRecursionDepthAndPushLimit(235, 0, 0)
#2 /home/u223292802/domains/xn--diseoypatronesdns-ixb.com/public_html/wp-content/plugins/google-listings-and-ads/vendor/google/protobuf/src/Google/Protobuf/Internal/Message.php(435): Google\Pro en /home/u223292802/domains/xn--diseoypatronesdns-ixb.com/public_html/wp-content/plugins/google-listings-and-ads/vendor/google/protobuf/src/Google/Protobuf/Internal/CodedInputStream.php en la línea 340

