2022-06-09T00:14:47+00:00 CRITICAL Uncaught Google\Protobuf\Internal\GPBDecodeException: Error occurred during parsing: Fail to push limit. in /home/u223292802/domains/xn--diseoypatronesdns-ixb.com/public_html/wp-content/plugins/google-listings-and-ads/vendor/google/protobuf/src/Google/Protobuf/Internal/CodedInputStream.php:340
Stack trace:
#0 /home/u223292802/domains/xn--diseoypatronesdns-ixb.com/public_html/wp-content/plugins/google-listings-and-ads/vendor/google/protobuf/src/Google/Protobuf/Internal/CodedInputStream.php(363): Google\Protobuf\Internal\CodedInputStream->pushLimit(235)
#1 /home/u223292802/domains/xn--diseoypatronesdns-ixb.com/public_html/wp-content/plugins/google-listings-and-ads/vendor/google/protobuf/src/Google/Protobuf/Internal/GPBWire.php(286): Google\Protobuf\Internal\CodedInputStream->incrementRecursionDepthAndPushLimit(235, 0, 0)
#2 /home/u223292802/domains/xn--diseoypatronesdns-ixb.com/public_html/wp-content/plugins/google-listings-and-ads/vendor/google/protobuf/src/Google/Protobuf/Internal/Message.php(435): Google\Pro en /home/u223292802/domains/xn--diseoypatronesdns-ixb.com/public_html/wp-content/plugins/google-listings-and-ads/vendor/google/protobuf/src/Google/Protobuf/Internal/CodedInputStream.php en la línea 340

2022-06-09T00:16:18+00:00 CRITICAL Uncaught Google\Protobuf\Internal\GPBDecodeException: Error occurred during parsing: Fail to push limit. in /home/u223292802/domains/xn--diseoypatronesdns-ixb.com/public_html/wp-content/plugins/google-listings-and-ads/vendor/google/protobuf/src/Google/Protobuf/Internal/CodedInputStream.php:340
Stack trace:
#0 /home/u223292802/domains/xn--diseoypatronesdns-ixb.com/public_html/wp-content/plugins/google-listings-and-ads/vendor/google/protobuf/src/Google/Protobuf/Internal/CodedInputStream.php(363): Google\Protobuf\Internal\CodedInputStream->pushLimit(235)
#1 /home/u223292802/domains/xn--diseoypatronesdns-ixb.com/public_html/wp-content/plugins/google-listings-and-ads/vendor/google/protobuf/src/Google/Protobuf/Internal/GPBWire.php(286): Google\Protobuf\Internal\CodedInputStream->incrementRecursionDepthAndPushLimit(235, 0, 0)
#2 /home/u223292802/domains/xn--diseoypatronesdns-ixb.com/public_html/wp-content/plugins/google-listings-and-ads/vendor/google/protobuf/src/Google/Protobuf/Internal/Message.php(435): Google\Pro en /home/u223292802/domains/xn--diseoypatronesdns-ixb.com/public_html/wp-content/plugins/google-listings-and-ads/vendor/google/protobuf/src/Google/Protobuf/Internal/CodedInputStream.php en la línea 340

2022-06-09T00:17:31+00:00 CRITICAL Uncaught Google\Protobuf\Internal\GPBDecodeException: Error occurred during parsing: Fail to push limit. in /home/u223292802/domains/xn--diseoypatronesdns-ixb.com/public_html/wp-content/plugins/google-listings-and-ads/vendor/google/protobuf/src/Google/Protobuf/Internal/CodedInputStream.php:340
Stack trace:
#0 /home/u223292802/domains/xn--diseoypatronesdns-ixb.com/public_html/wp-content/plugins/google-listings-and-ads/vendor/google/protobuf/src/Google/Protobuf/Internal/CodedInputStream.php(363): Google\Protobuf\Internal\CodedInputStream->pushLimit(235)
#1 /home/u223292802/domains/xn--diseoypatronesdns-ixb.com/public_html/wp-content/plugins/google-listings-and-ads/vendor/google/protobuf/src/Google/Protobuf/Internal/GPBWire.php(286): Google\Protobuf\Internal\CodedInputStream->incrementRecursionDepthAndPushLimit(235, 0, 0)
#2 /home/u223292802/domains/xn--diseoypatronesdns-ixb.com/public_html/wp-content/plugins/google-listings-and-ads/vendor/google/protobuf/src/Google/Protobuf/Internal/Message.php(435): Google\Pro en /home/u223292802/domains/xn--diseoypatronesdns-ixb.com/public_html/wp-content/plugins/google-listings-and-ads/vendor/google/protobuf/src/Google/Protobuf/Internal/CodedInputStream.php en la línea 340

2022-06-09T00:18:37+00:00 CRITICAL Uncaught Google\Protobuf\Internal\GPBDecodeException: Error occurred during parsing: Fail to push limit. in /home/u223292802/domains/xn--diseoypatronesdns-ixb.com/public_html/wp-content/plugins/google-listings-and-ads/vendor/google/protobuf/src/Google/Protobuf/Internal/CodedInputStream.php:340
Stack trace:
#0 /home/u223292802/domains/xn--diseoypatronesdns-ixb.com/public_html/wp-content/plugins/google-listings-and-ads/vendor/google/protobuf/src/Google/Protobuf/Internal/CodedInputStream.php(363): Google\Protobuf\Internal\CodedInputStream->pushLimit(235)
#1 /home/u223292802/domains/xn--diseoypatronesdns-ixb.com/public_html/wp-content/plugins/google-listings-and-ads/vendor/google/protobuf/src/Google/Protobuf/Internal/GPBWire.php(286): Google\Protobuf\Internal\CodedInputStream->incrementRecursionDepthAndPushLimit(235, 0, 0)
#2 /home/u223292802/domains/xn--diseoypatronesdns-ixb.com/public_html/wp-content/plugins/google-listings-and-ads/vendor/google/protobuf/src/Google/Protobuf/Internal/Message.php(435): Google\Pro en /home/u223292802/domains/xn--diseoypatronesdns-ixb.com/public_html/wp-content/plugins/google-listings-and-ads/vendor/google/protobuf/src/Google/Protobuf/Internal/CodedInputStream.php en la línea 340

2022-06-09T00:18:59+00:00 CRITICAL Uncaught Google\Protobuf\Internal\GPBDecodeException: Error occurred during parsing: Fail to push limit. in /home/u223292802/domains/xn--diseoypatronesdns-ixb.com/public_html/wp-content/plugins/google-listings-and-ads/vendor/google/protobuf/src/Google/Protobuf/Internal/CodedInputStream.php:340
Stack trace:
#0 /home/u223292802/domains/xn--diseoypatronesdns-ixb.com/public_html/wp-content/plugins/google-listings-and-ads/vendor/google/protobuf/src/Google/Protobuf/Internal/CodedInputStream.php(363): Google\Protobuf\Internal\CodedInputStream->pushLimit(235)
#1 /home/u223292802/domains/xn--diseoypatronesdns-ixb.com/public_html/wp-content/plugins/google-listings-and-ads/vendor/google/protobuf/src/Google/Protobuf/Internal/GPBWire.php(286): Google\Protobuf\Internal\CodedInputStream->incrementRecursionDepthAndPushLimit(235, 0, 0)
#2 /home/u223292802/domains/xn--diseoypatronesdns-ixb.com/public_html/wp-content/plugins/google-listings-and-ads/vendor/google/protobuf/src/Google/Protobuf/Internal/Message.php(435): Google\Pro en /home/u223292802/domains/xn--diseoypatronesdns-ixb.com/public_html/wp-content/plugins/google-listings-and-ads/vendor/google/protobuf/src/Google/Protobuf/Internal/CodedInputStream.php en la línea 340

2022-06-09T00:19:03+00:00 CRITICAL Uncaught Google\Protobuf\Internal\GPBDecodeException: Error occurred during parsing: Fail to push limit. in /home/u223292802/domains/xn--diseoypatronesdns-ixb.com/public_html/wp-content/plugins/google-listings-and-ads/vendor/google/protobuf/src/Google/Protobuf/Internal/CodedInputStream.php:340
Stack trace:
#0 /home/u223292802/domains/xn--diseoypatronesdns-ixb.com/public_html/wp-content/plugins/google-listings-and-ads/vendor/google/protobuf/src/Google/Protobuf/Internal/CodedInputStream.php(363): Google\Protobuf\Internal\CodedInputStream->pushLimit(235)
#1 /home/u223292802/domains/xn--diseoypatronesdns-ixb.com/public_html/wp-content/plugins/google-listings-and-ads/vendor/google/protobuf/src/Google/Protobuf/Internal/GPBWire.php(286): Google\Protobuf\Internal\CodedInputStream->incrementRecursionDepthAndPushLimit(235, 0, 0)
#2 /home/u223292802/domains/xn--diseoypatronesdns-ixb.com/public_html/wp-content/plugins/google-listings-and-ads/vendor/google/protobuf/src/Google/Protobuf/Internal/Message.php(435): Google\Pro en /home/u223292802/domains/xn--diseoypatronesdns-ixb.com/public_html/wp-content/plugins/google-listings-and-ads/vendor/google/protobuf/src/Google/Protobuf/Internal/CodedInputStream.php en la línea 340

2022-06-09T00:27:35+00:00 CRITICAL Uncaught Google\Protobuf\Internal\GPBDecodeException: Error occurred during parsing: Fail to push limit. in /home/u223292802/domains/xn--diseoypatronesdns-ixb.com/public_html/wp-content/plugins/google-listings-and-ads/vendor/google/protobuf/src/Google/Protobuf/Internal/CodedInputStream.php:340
Stack trace:
#0 /home/u223292802/domains/xn--diseoypatronesdns-ixb.com/public_html/wp-content/plugins/google-listings-and-ads/vendor/google/protobuf/src/Google/Protobuf/Internal/CodedInputStream.php(363): Google\Protobuf\Internal\CodedInputStream->pushLimit(235)
#1 /home/u223292802/domains/xn--diseoypatronesdns-ixb.com/public_html/wp-content/plugins/google-listings-and-ads/vendor/google/protobuf/src/Google/Protobuf/Internal/GPBWire.php(286): Google\Protobuf\Internal\CodedInputStream->incrementRecursionDepthAndPushLimit(235, 0, 0)
#2 /home/u223292802/domains/xn--diseoypatronesdns-ixb.com/public_html/wp-content/plugins/google-listings-and-ads/vendor/google/protobuf/src/Google/Protobuf/Internal/Message.php(435): Google\Pro en /home/u223292802/domains/xn--diseoypatronesdns-ixb.com/public_html/wp-content/plugins/google-listings-and-ads/vendor/google/protobuf/src/Google/Protobuf/Internal/CodedInputStream.php en la línea 340

2022-06-09T00:29:17+00:00 CRITICAL Uncaught Google\Protobuf\Internal\GPBDecodeException: Error occurred during parsing: Fail to push limit. in /home/u223292802/domains/xn--diseoypatronesdns-ixb.com/public_html/wp-content/plugins/google-listings-and-ads/vendor/google/protobuf/src/Google/Protobuf/Internal/CodedInputStream.php:340
Stack trace:
#0 /home/u223292802/domains/xn--diseoypatronesdns-ixb.com/public_html/wp-content/plugins/google-listings-and-ads/vendor/google/protobuf/src/Google/Protobuf/Internal/CodedInputStream.php(363): Google\Protobuf\Internal\CodedInputStream->pushLimit(235)
#1 /home/u223292802/domains/xn--diseoypatronesdns-ixb.com/public_html/wp-content/plugins/google-listings-and-ads/vendor/google/protobuf/src/Google/Protobuf/Internal/GPBWire.php(286): Google\Protobuf\Internal\CodedInputStream->incrementRecursionDepthAndPushLimit(235, 0, 0)
#2 /home/u223292802/domains/xn--diseoypatronesdns-ixb.com/public_html/wp-content/plugins/google-listings-and-ads/vendor/google/protobuf/src/Google/Protobuf/Internal/Message.php(435): Google\Pro en /home/u223292802/domains/xn--diseoypatronesdns-ixb.com/public_html/wp-content/plugins/google-listings-and-ads/vendor/google/protobuf/src/Google/Protobuf/Internal/CodedInputStream.php en la línea 340

2022-06-09T00:32:16+00:00 CRITICAL Uncaught Google\Protobuf\Internal\GPBDecodeException: Error occurred during parsing: Fail to push limit. in /home/u223292802/domains/xn--diseoypatronesdns-ixb.com/public_html/wp-content/plugins/google-listings-and-ads/vendor/google/protobuf/src/Google/Protobuf/Internal/CodedInputStream.php:340
Stack trace:
#0 /home/u223292802/domains/xn--diseoypatronesdns-ixb.com/public_html/wp-content/plugins/google-listings-and-ads/vendor/google/protobuf/src/Google/Protobuf/Internal/CodedInputStream.php(363): Google\Protobuf\Internal\CodedInputStream->pushLimit(235)
#1 /home/u223292802/domains/xn--diseoypatronesdns-ixb.com/public_html/wp-content/plugins/google-listings-and-ads/vendor/google/protobuf/src/Google/Protobuf/Internal/GPBWire.php(286): Google\Protobuf\Internal\CodedInputStream->incrementRecursionDepthAndPushLimit(235, 0, 0)
#2 /home/u223292802/domains/xn--diseoypatronesdns-ixb.com/public_html/wp-content/plugins/google-listings-and-ads/vendor/google/protobuf/src/Google/Protobuf/Internal/Message.php(435): Google\Pro en /home/u223292802/domains/xn--diseoypatronesdns-ixb.com/public_html/wp-content/plugins/google-listings-and-ads/vendor/google/protobuf/src/Google/Protobuf/Internal/CodedInputStream.php en la línea 340

2022-06-09T00:33:14+00:00 CRITICAL Uncaught Google\Protobuf\Internal\GPBDecodeException: Error occurred during parsing: Fail to push limit. in /home/u223292802/domains/xn--diseoypatronesdns-ixb.com/public_html/wp-content/plugins/google-listings-and-ads/vendor/google/protobuf/src/Google/Protobuf/Internal/CodedInputStream.php:340
Stack trace:
#0 /home/u223292802/domains/xn--diseoypatronesdns-ixb.com/public_html/wp-content/plugins/google-listings-and-ads/vendor/google/protobuf/src/Google/Protobuf/Internal/CodedInputStream.php(363): Google\Protobuf\Internal\CodedInputStream->pushLimit(235)
#1 /home/u223292802/domains/xn--diseoypatronesdns-ixb.com/public_html/wp-content/plugins/google-listings-and-ads/vendor/google/protobuf/src/Google/Protobuf/Internal/GPBWire.php(286): Google\Protobuf\Internal\CodedInputStream->incrementRecursionDepthAndPushLimit(235, 0, 0)
#2 /home/u223292802/domains/xn--diseoypatronesdns-ixb.com/public_html/wp-content/plugins/google-listings-and-ads/vendor/google/protobuf/src/Google/Protobuf/Internal/Message.php(435): Google\Pro en /home/u223292802/domains/xn--diseoypatronesdns-ixb.com/public_html/wp-content/plugins/google-listings-and-ads/vendor/google/protobuf/src/Google/Protobuf/Internal/CodedInputStream.php en la línea 340

2022-06-09T00:33:28+00:00 CRITICAL Uncaught Google\Protobuf\Internal\GPBDecodeException: Error occurred during parsing: Fail to push limit. in /home/u223292802/domains/xn--diseoypatronesdns-ixb.com/public_html/wp-content/plugins/google-listings-and-ads/vendor/google/protobuf/src/Google/Protobuf/Internal/CodedInputStream.php:340
Stack trace:
#0 /home/u223292802/domains/xn--diseoypatronesdns-ixb.com/public_html/wp-content/plugins/google-listings-and-ads/vendor/google/protobuf/src/Google/Protobuf/Internal/CodedInputStream.php(363): Google\Protobuf\Internal\CodedInputStream->pushLimit(235)
#1 /home/u223292802/domains/xn--diseoypatronesdns-ixb.com/public_html/wp-content/plugins/google-listings-and-ads/vendor/google/protobuf/src/Google/Protobuf/Internal/GPBWire.php(286): Google\Protobuf\Internal\CodedInputStream->incrementRecursionDepthAndPushLimit(235, 0, 0)
#2 /home/u223292802/domains/xn--diseoypatronesdns-ixb.com/public_html/wp-content/plugins/google-listings-and-ads/vendor/google/protobuf/src/Google/Protobuf/Internal/Message.php(435): Google\Pro en /home/u223292802/domains/xn--diseoypatronesdns-ixb.com/public_html/wp-content/plugins/google-listings-and-ads/vendor/google/protobuf/src/Google/Protobuf/Internal/CodedInputStream.php en la línea 340

