2025-05-08T01:38:42+00:00 CRITICAL Uncaught TypeError: array_intersect_key(): Argument #1 ($array) must be of type array, bool given in /home/u470425667/domains/dnsfashionstudio.com/public_html/wp-content/plugins/pinterest-for-woocommerce/src/TrackerSnapshot.php:87
Stack trace:
#0 /home/u470425667/domains/dnsfashionstudio.com/public_html/wp-content/plugins/pinterest-for-woocommerce/src/TrackerSnapshot.php(87): array_intersect_key()
#1 /home/u470425667/domains/dnsfashionstudio.com/public_html/wp-content/plugins/pinterest-for-woocommerce/src/TrackerSnapshot.php(61): Automattic\WooCommerce\Pinterest\TrackerSnapshot::parse_settings()
#2 /home/u470425667/domains/dnsfashionstudio.com/public_html/wp-content/plugins/pinterest-for-woocommerce/src/TrackerSnapshot.php(43): Automattic\WooCommerce\Pinterest\TrackerSnapshot::include_snapshot_data()
#3 /home/u470425667/domains/dnsfashionstudio.com/public_html/wp-includes/class-wp-hook.php(307): Automattic\WooCommerce\Pinterest\TrackerSnapshot::Automattic\WooCommerce\Pinterest\{closure}()
#4 /home/u470425667/domains/dnsfashionstudio.com/public_html/wp-includes/plugin.php(191): WP_Hook->apply_filters()
#5 /home/u470425667/domains/dnsfashionstudio.com/public_html/wp-content/plugins/woocommerce/includes/class-wc-tracker.php(181): apply_filters()
#6 /home/u470425667/domains/dnsfashionstudio.com/public_html/wp-content/plugins/woocommerce/includes/class-wc-tracker.php(65): WC_Tracker::get_tracking_data()
#7 /home/u470425667/domains/dnsfashionstudio.com/public_html/wp-includes/class-wp-hook.php(307): WC_Tracker::send_tracking_data()
#8 /home/u470425667/domains/dnsfashionstudio.com/public_html/wp-includes/class-wp-hook.php(331): WP_Hook->apply_filters()
#9 /home/u470425667/domains/dnsfashionstudio.com/public_html/wp-includes/plugin.php(524): WP_Hook->do_action()
#10 /home/u470425667/domains/dnsfashionstudio.com/public_html/wp-cron.php(138): do_action_ref_array()
#11 {main}
  thrown en /home/u470425667/domains/dnsfashionstudio.com/public_html/wp-content/plugins/pinterest-for-woocommerce/src/TrackerSnapshot.php en la línea 87

2025-05-08T12:13:34+00:00 CRITICAL Uncaught RuntimeException: Unable to claim actions. Database error: Deadlock found when trying to get lock; try restarting transaction. in /home/u470425667/domains/dnsfashionstudio.com/public_html/wp-content/plugins/wp-mail-smtp/vendor/woocommerce/action-scheduler/classes/data-stores/ActionScheduler_DBStore.php:942
Stack trace:
#0 /home/u470425667/domains/dnsfashionstudio.com/public_html/wp-content/plugins/wp-mail-smtp/vendor/woocommerce/action-scheduler/classes/data-stores/ActionScheduler_DBStore.php(799): ActionScheduler_DBStore->claim_actions()
#1 /home/u470425667/domains/dnsfashionstudio.com/public_html/wp-content/plugins/wp-mail-smtp/vendor/woocommerce/action-scheduler/classes/ActionScheduler_QueueRunner.php(160): ActionScheduler_DBStore->stake_claim()
#2 /home/u470425667/domains/dnsfashionstudio.com/public_html/wp-content/plugins/wp-mail-smtp/vendor/woocommerce/action-scheduler/classes/ActionScheduler_QueueRunner.php(139): ActionScheduler_QueueRunner->do_batch()
#3 /home/u470425667/domains/dnsfashionstudio.com/public_html/wp-includes/class-wp-hook.php(307): ActionScheduler_QueueRunner->run()
#4 /home/u470425667/domains/dnsfashionstudio.com/public_html/wp-includes/class-wp-hook.php(331): WP_Hook->apply_filters()
#5 /home/u470425667/domains/dnsfashionstudio.com/public_html/wp-includes/plugin.php(524): WP_Hook->do_action()
#6 /home/u470425667/domains/dnsfashionstudio.com/public_html/wp-cron.php(138): do_action_ref_array()
#7 {main}
  thrown en /home/u470425667/domains/dnsfashionstudio.com/public_html/wp-content/plugins/wp-mail-smtp/vendor/woocommerce/action-scheduler/classes/data-stores/ActionScheduler_DBStore.php en la línea 942

