2025-05-08T01:43:58+00:00 DEBUG POST https://api.paypal.com/v1/oauth2/token?grant_type=client_credentials
Response Debug ID: 91e3b78cf8be1
Response: Array
(
    [code] => 200
    [message] => OK
)


2025-05-08T10:44:57+00:00 DEBUG POST https://api.paypal.com/v1/oauth2/token?grant_type=client_credentials
Response Debug ID: 629b27520748d
Response: Array
(
    [code] => 200
    [message] => OK
)


2025-05-08T10:44:58+00:00 DEBUG POST https://api.paypal.com/v1/oauth2/token?grant_type=client_credentials
Response Debug ID: 060e7ee2598f2
Response: Array
(
    [code] => 200
    [message] => OK
)


2025-05-08T20:00:16+00:00 DEBUG POST https://api.paypal.com/v1/oauth2/token?grant_type=client_credentials
Response Debug ID: 616b9ba8ef1c8
Response: Array
(
    [code] => 200
    [message] => OK
)


2025-05-08T20:00:16+00:00 DEBUG POST https://api.paypal.com/v1/oauth2/token?grant_type=client_credentials
Response Debug ID: 65fc6f8263493
Response: Array
(
    [code] => 200
    [message] => OK
)


2025-05-08T20:00:16+00:00 DEBUG POST https://api.paypal.com/v1/oauth2/token?grant_type=client_credentials
Response Debug ID: c823b5b9d1954
Response: Array
(
    [code] => 200
    [message] => OK
)


2025-05-08T20:00:16+00:00 DEBUG POST https://api.paypal.com/v1/oauth2/token?grant_type=client_credentials
Response Debug ID: 46bda111c78d3
Response: Array
(
    [code] => 200
    [message] => OK
)


2025-05-08T20:00:16+00:00 DEBUG POST https://api.paypal.com/v1/oauth2/token?grant_type=client_credentials
Response Debug ID: 9c8ceb5b230e6
Response: Array
(
    [code] => 200
    [message] => OK
)


2025-05-08T20:00:16+00:00 DEBUG POST https://api.paypal.com/v1/oauth2/token?grant_type=client_credentials
Response Debug ID: da99d45bf59ac
Response: Array
(
    [code] => 200
    [message] => OK
)


2025-05-08T20:00:16+00:00 DEBUG POST https://api.paypal.com/v1/oauth2/token?grant_type=client_credentials
Response Debug ID: b169a5879fd36
Response: Array
(
    [code] => 200
    [message] => OK
)


2025-05-08T20:00:16+00:00 DEBUG POST https://api.paypal.com/v1/oauth2/token?grant_type=client_credentials
Response Debug ID: c11e7d0e547d8
Response: Array
(
    [code] => 200
    [message] => OK
)


2025-05-08T20:00:16+00:00 DEBUG POST https://api.paypal.com/v1/oauth2/token?grant_type=client_credentials
Response Debug ID: fc4ae406012a1
Response: Array
(
    [code] => 200
    [message] => OK
)


2025-05-08T20:00:16+00:00 DEBUG POST https://api.paypal.com/v1/oauth2/token?grant_type=client_credentials
Response Debug ID: e566d2e9e32ef
Response: Array
(
    [code] => 200
    [message] => OK
)


2025-05-08T20:00:16+00:00 DEBUG POST https://api.paypal.com/v1/oauth2/token?grant_type=client_credentials
Response Debug ID: 4973db0b581a4
Response: Array
(
    [code] => 200
    [message] => OK
)


2025-05-08T20:00:16+00:00 DEBUG POST https://api.paypal.com/v1/oauth2/token?grant_type=client_credentials
Response Debug ID: 6450c11b6ebbb
Response: Array
(
    [code] => 200
    [message] => OK
)


2025-05-08T20:00:16+00:00 DEBUG POST https://api.paypal.com/v1/oauth2/token?grant_type=client_credentials
Response Debug ID: 932756ab4d57b
Response: Array
(
    [code] => 200
    [message] => OK
)


2025-05-08T20:00:16+00:00 DEBUG POST https://api.paypal.com/v1/oauth2/token?grant_type=client_credentials
Response Debug ID: 60769cb0fef15
Response: Array
(
    [code] => 200
    [message] => OK
)


2025-05-08T20:00:16+00:00 DEBUG POST https://api.paypal.com/v1/oauth2/token?grant_type=client_credentials
Response Debug ID: 5da6d2ea08c2d
Response: Array
(
    [code] => 200
    [message] => OK
)


2025-05-08T20:00:16+00:00 DEBUG POST https://api.paypal.com/v1/oauth2/token?grant_type=client_credentials
Response Debug ID: 2a0d224941904
Response: Array
(
    [code] => 200
    [message] => OK
)


2025-05-08T20:00:16+00:00 DEBUG POST https://api.paypal.com/v1/oauth2/token?grant_type=client_credentials
Response Debug ID: 40332a34e08fb
Response: Array
(
    [code] => 200
    [message] => OK
)


2025-05-08T20:00:16+00:00 DEBUG POST https://api.paypal.com/v1/oauth2/token?grant_type=client_credentials
Response Debug ID: dcd6d107b0219
Response: Array
(
    [code] => 200
    [message] => OK
)


2025-05-08T20:00:16+00:00 DEBUG POST https://api.paypal.com/v1/oauth2/token?grant_type=client_credentials
Response Debug ID: 7352d4ea88a99
Response: Array
(
    [code] => 200
    [message] => OK
)


2025-05-08T20:00:16+00:00 DEBUG POST https://api.paypal.com/v1/oauth2/token?grant_type=client_credentials
Response Debug ID: 0ea8c30a08340
Response: Array
(
    [code] => 200
    [message] => OK
)


2025-05-08T20:00:16+00:00 DEBUG POST https://api.paypal.com/v1/oauth2/token?grant_type=client_credentials
Response Debug ID: e361be3223d61
Response: Array
(
    [code] => 200
    [message] => OK
)


2025-05-08T20:00:16+00:00 DEBUG POST https://api.paypal.com/v1/oauth2/token?grant_type=client_credentials
Response Debug ID: a06f7d9522b86
Response: Array
(
    [code] => 200
    [message] => OK
)


2025-05-08T20:00:17+00:00 DEBUG POST https://api.paypal.com/v1/oauth2/token?grant_type=client_credentials
Response Debug ID: 893ceb5ea872d
Response: Array
(
    [code] => 200
    [message] => OK
)


2025-05-08T20:00:17+00:00 DEBUG POST https://api.paypal.com/v1/oauth2/token?grant_type=client_credentials
Response Debug ID: 67d1a8abe740e
Response: Array
(
    [code] => 200
    [message] => OK
)


2025-05-08T20:00:17+00:00 DEBUG POST https://api.paypal.com/v1/oauth2/token?grant_type=client_credentials
Response Debug ID: 2f159cdb6edaf
Response: Array
(
    [code] => 200
    [message] => OK
)


2025-05-08T20:00:17+00:00 DEBUG POST https://api.paypal.com/v1/oauth2/token?grant_type=client_credentials
Response Debug ID: 2a0d224075c95
Response: Array
(
    [code] => 200
    [message] => OK
)


2025-05-08T20:00:17+00:00 DEBUG POST https://api.paypal.com/v1/oauth2/token?grant_type=client_credentials
Response Debug ID: c03f098b27836
Response: Array
(
    [code] => 200
    [message] => OK
)


2025-05-08T20:00:17+00:00 DEBUG POST https://api.paypal.com/v1/oauth2/token?grant_type=client_credentials
Response Debug ID: e1fb7c5096526
Response: Array
(
    [code] => 200
    [message] => OK
)


2025-05-08T20:00:17+00:00 DEBUG POST https://api.paypal.com/v1/oauth2/token?grant_type=client_credentials
Response Debug ID: f1b5af74698a9
Response: Array
(
    [code] => 200
    [message] => OK
)


2025-05-08T20:00:17+00:00 DEBUG POST https://api.paypal.com/v1/oauth2/token?grant_type=client_credentials
Response Debug ID: caacdc0f1d708
Response: Array
(
    [code] => 200
    [message] => OK
)


2025-05-08T20:00:17+00:00 DEBUG POST https://api.paypal.com/v1/oauth2/token?grant_type=client_credentials
Response Debug ID: 80400d41165cb
Response: Array
(
    [code] => 200
    [message] => OK
)


2025-05-08T20:00:17+00:00 DEBUG POST https://api.paypal.com/v1/oauth2/token?grant_type=client_credentials
Response Debug ID: b468a2f90141e
Response: Array
(
    [code] => 200
    [message] => OK
)


2025-05-08T20:00:17+00:00 DEBUG POST https://api.paypal.com/v1/oauth2/token?grant_type=client_credentials
Response Debug ID: 3fb455b64c145
Response: Array
(
    [code] => 200
    [message] => OK
)


2025-05-08T20:00:17+00:00 DEBUG POST https://api.paypal.com/v1/oauth2/token?grant_type=client_credentials
Response Debug ID: 8daec91e4cd66
Response: Array
(
    [code] => 200
    [message] => OK
)


2025-05-08T20:00:17+00:00 DEBUG POST https://api.paypal.com/v1/oauth2/token?grant_type=client_credentials
Response Debug ID: 81d6c5a082d4a
Response: Array
(
    [code] => 200
    [message] => OK
)


2025-05-08T20:00:17+00:00 DEBUG POST https://api.paypal.com/v1/oauth2/token?grant_type=client_credentials
Response Debug ID: 4e8729db9a369
Response: Array
(
    [code] => 200
    [message] => OK
)


2025-05-08T20:00:17+00:00 DEBUG POST https://api.paypal.com/v1/oauth2/token?grant_type=client_credentials
Response Debug ID: cafb4e287aa32
Response: Array
(
    [code] => 200
    [message] => OK
)


2025-05-08T20:00:17+00:00 DEBUG POST https://api.paypal.com/v1/oauth2/token?grant_type=client_credentials
Response Debug ID: 5575445865335
Response: Array
(
    [code] => 200
    [message] => OK
)


2025-05-08T20:00:17+00:00 DEBUG POST https://api.paypal.com/v1/oauth2/token?grant_type=client_credentials
Response Debug ID: 7240edf88238e
Response: Array
(
    [code] => 200
    [message] => OK
)


